TN:
SF:src/controllers/famousController.js
FN:3,(anonymous_0)
FN:12,(anonymous_1)
FNF:2
FNH:1
FNDA:3,(anonymous_0)
FNDA:0,(anonymous_1)
DA:1,1
DA:3,1
DA:4,3
DA:5,3
DA:6,1
DA:8,2
DA:12,1
DA:13,0
DA:14,0
DA:15,0
DA:17,0
DA:21,1
LF:12
LH:8
BRF:0
BRH:0
end_of_record
TN:
SF:src/services/famousService.js
FN:3,(anonymous_0)
FN:11,(anonymous_1)
FNF:2
FNH:0
FNDA:0,(anonymous_0)
FNDA:0,(anonymous_1)
DA:1,1
DA:3,1
DA:4,0
DA:5,0
DA:7,0
DA:11,1
DA:12,0
DA:13,0
DA:15,0
DA:19,1
LF:10
LH:4
BRF:0
BRH:0
end_of_record
